<?xml version="1.0" encoding="UTF-8"?>
<!-- Generated by org.testng.reporters.JUnitReportReporter -->
<testsuite skipped="0" hostname="sumit-PC" name="test.TestFrameWork" tests="1" failures="0" timestamp="2020-12-04T12:23:41 IST" time="14.878" errors="0">
  <testcase name="htmlDemo" time="14.878" classname="test.TestFrameWork"/>
  <system-out/>
</testsuite> <!-- test.TestFrameWork -->
